# JRE version: OpenJDK Runtime Environment Corretto-11.0.15.9.1 (11.0.15+9) (build 11.0.15+9-LTS)
# Java VM: OpenJDK 64-Bit Server VM Corretto-11.0.15.9.1 (11.0.15+9-LTS, mixed mode, tiered, compressed oops, g1 gc, windows-amd64)
Heap:
 garbage-first heap   total 262144K, used 146076K [0x00000000e0000000, 0x0000000100000000)
  region size 1024K, 101 young (103424K), 10 survivors (10240K)
 Metaspace       used 75880K, capacity 78288K, committed 78548K, reserved 323584K
  class space    used 9982K, capacity 10863K, committed 10884K, reserved 253952K
GC Heap History (16 events):
Event: 0.416 GC heap before
{Heap before GC invocations=0 (full 0):
 garbage-first heap   total 262144K, used 29696K [0x00000000e0000000, 0x0000000100000000)
  region size 1024K, 24 young (24576K), 0 survivors (0K)
 Metaspace       used 10163K, capacity 10496K, committed 10624K, reserved 264192K
  class space    used 1041K, capacity 1137K, committed 1152K, reserved 253952K
}
Event: 0.418 GC heap after
{Heap after GC invocations=1 (full 0):
 garbage-first heap   total 262144K, used 9494K [0x00000000e0000000, 0x0000000100000000)
  region size 1024K, 3 young (3072K), 3 survivors (3072K)
 Metaspace       used 10163K, capacity 10496K, committed 10624K, reserved 264192K
  class space    used 1041K, capacity 1137K, committed 1152K, reserved 253952K
}
Event: 1.616 GC heap before
{Heap before GC invocations=1 (full 0):
 garbage-first heap   total 262144K, used 105750K [0x00000000e0000000, 0x0000000100000000)
  region size 1024K, 98 young (100352K), 3 survivors (3072K)
 Metaspace       used 20729K, capacity 21194K, committed 21296K, reserved 274432K
  class space    used 2519K, capacity 2684K, committed 2688K, reserved 253952K
}
Event: 1.623 GC heap after
{Heap after GC invocations=2 (full 0):
 garbage-first heap   total 262144K, used 16949K [0x00000000e0000000, 0x0000000100000000)
  region size 1024K, 11 young (11264K), 11 survivors (11264K)
 Metaspace       used 20729K, capacity 21194K, committed 21296K, reserved 274432K
  class space    used 2519K, capacity 2684K, committed 2688K, reserved 253952K
}
Event: 1.857 GC heap before
{Heap before GC invocations=3 (full 0):
 garbage-first heap   total 262144K, used 50741K [0x00000000e0000000, 0x0000000100000000)
  region size 1024K, 44 young (45056K), 11 survivors (11264K)
 Metaspace       used 24237K, capacity 24798K, committed 25008K, reserved 276480K
  class space    used 3038K, capacity 3251K, committed 3328K, reserved 253952K
}
Event: 1.861 GC heap after
{Heap after GC invocations=4 (full 0):
 garbage-first heap   total 262144K, used 18359K [0x00000000e0000000, 0x0000000100000000)
  region size 1024K, 2 young (2048K), 2 survivors (2048K)
 Metaspace       used 24237K, capacity 24798K, committed 25008K, reserved 276480K
  class space    used 3038K, capacity 3251K, committed 3328K, reserved 253952K
}
Event: 2.622 GC heap before
{Heap before GC invocations=4 (full 0):
 garbage-first heap   total 262144K, used 101303K [0x00000000e0000000, 0x0000000100000000)
  region size 1024K, 84 young (86016K), 2 survivors (2048K)
 Metaspace       used 35038K, capacity 35802K, committed 35920K, reserved 286720K
  class space    used 4511K, capacity 4800K, committed 4864K, reserved 253952K
}
Event: 2.629 GC heap after
{Heap after GC invocations=5 (full 0):
 garbage-first heap   total 262144K, used 22068K [0x00000000e0000000, 0x0000000100000000)
  region size 1024K, 6 young (6144K), 6 survivors (6144K)
 Metaspace       used 35038K, capacity 35802K, committed 35920K, reserved 286720K
  class space    used 4511K, capacity 4800K, committed 4864K, reserved 253952K
}
Event: 3.552 GC heap before
{Heap before GC invocations=6 (full 0):
 garbage-first heap   total 262144K, used 140852K [0x00000000e0000000, 0x0000000100000000)
  region size 1024K, 119 young (121856K), 6 survivors (6144K)
 Metaspace       used 45563K, capacity 46587K, committed 46800K, reserved 294912K
  class space    used 5775K, capacity 6169K, committed 6272K, reserved 253952K
}
Event: 3.559 GC heap after
{Heap after GC invocations=7 (full 0):
 garbage-first heap   total 262144K, used 29361K [0x00000000e0000000, 0x0000000100000000)
  region size 1024K, 13 young (13312K), 13 survivors (13312K)
 Metaspace       used 45563K, capacity 46587K, committed 46800K, reserved 294912K
  class space    used 5775K, capacity 6169K, committed 6272K, reserved 253952K
}
Event: 4.862 GC heap before
{Heap before GC invocations=7 (full 0):
 garbage-first heap   total 262144K, used 176817K [0x00000000e0000000, 0x0000000100000000)
  region size 1024K, 152 young (155648K), 13 survivors (13312K)
 Metaspace       used 57266K, capacity 58757K, committed 59088K, reserved 305152K
  class space    used 7345K, capacity 7937K, committed 8064K, reserved 253952K
}
Event: 4.874 GC heap after
{Heap after GC invocations=8 (full 0):
 garbage-first heap   total 262144K, used 43784K [0x00000000e0000000, 0x0000000100000000)
  region size 1024K, 17 young (17408K), 17 survivors (17408K)
 Metaspace       used 57266K, capacity 58757K, committed 59088K, reserved 305152K
  class space    used 7345K, capacity 7937K, committed 8064K, reserved 253952K
}
Event: 5.035 GC heap before
{Heap before GC invocations=8 (full 0):
 garbage-first heap   total 262144K, used 63240K [0x00000000e0000000, 0x0000000100000000)
  region size 1024K, 37 young (37888K), 17 survivors (17408K)
 Metaspace       used 58618K, capacity 60271K, committed 60296K, reserved 307200K
  class space    used 7603K, capacity 8223K, committed 8248K, reserved 253952K
}
Event: 5.049 GC heap after
{Heap after GC invocations=9 (full 0):
 garbage-first heap   total 262144K, used 46036K [0x00000000e0000000, 0x0000000100000000)
  region size 1024K, 13 young (13312K), 13 survivors (13312K)
 Metaspace       used 58618K, capacity 60271K, committed 60296K, reserved 307200K
  class space    used 7603K, capacity 8223K, committed 8248K, reserved 253952K
}
Event: 6.314 GC heap before
{Heap before GC invocations=10 (full 0):
 garbage-first heap   total 262144K, used 189396K [0x00000000e0000000, 0x0000000100000000)
  region size 1024K, 153 young (156672K), 13 survivors (13312K)
 Metaspace       used 67199K, capacity 69209K, committed 69332K, reserved 315392K
  class space    used 8840K, capacity 9590K, committed 9604K, reserved 253952K
}
Event: 6.323 GC heap after
{Heap after GC invocations=11 (full 0):
 garbage-first heap   total 262144K, used 53916K [0x00000000e0000000, 0x0000000100000000)
  region size 1024K, 10 young (10240K), 10 survivors (10240K)
 Metaspace       used 67199K, capacity 69209K, committed 69332K, reserved 315392K
  class space    used 8840K, capacity 9590K, committed 9604K, reserved 253952K
}

